  main.cpp
C:\Users\green\Documents\CSE222\CSE-222-C\Project2\Project2\main.cpp(22,9): warning C4477: 'printf' : format string '%lu' requires an argument of type 'unsigned long', but variadic argument 1 has type 'size_t'
C:\Users\green\Documents\CSE222\CSE-222-C\Project2\Project2\main.cpp(22,9): message : consider using '%zu' in the format string
C:\Users\green\Documents\CSE222\CSE-222-C\Project2\Project2\main.cpp(22,9): warning C4477: 'printf' : format string '%lu' requires an argument of type 'unsigned long', but variadic argument 2 has type 'size_t'
C:\Users\green\Documents\CSE222\CSE-222-C\Project2\Project2\main.cpp(22,9): message : consider using '%zu' in the format string
C:\Users\green\Documents\CSE222\CSE-222-C\Project2\Project2\main.cpp(22,9): warning C4477: 'printf' : format string '%lu' requires an argument of type 'unsigned long', but variadic argument 3 has type 'size_t'
C:\Users\green\Documents\CSE222\CSE-222-C\Project2\Project2\main.cpp(22,9): message : consider using '%zu' in the format string
C:\Users\green\Documents\CSE222\CSE-222-C\Project2\Project2\main.cpp(22,9): warning C4477: 'printf' : format string '%lu' requires an argument of type 'unsigned long', but variadic argument 4 has type 'size_t'
C:\Users\green\Documents\CSE222\CSE-222-C\Project2\Project2\main.cpp(22,9): message : consider using '%zu' in the format string
C:\Users\green\Documents\CSE222\CSE-222-C\Project2\Project2\main.cpp(22,9): warning C4477: 'printf' : format string '%lu' requires an argument of type 'unsigned long', but variadic argument 5 has type 'size_t'
C:\Users\green\Documents\CSE222\CSE-222-C\Project2\Project2\main.cpp(22,9): message : consider using '%zu' in the format string
C:\Users\green\Documents\CSE222\CSE-222-C\Project2\Project2\main.cpp(22,9): warning C4477: 'printf' : format string '%lu' requires an argument of type 'unsigned long', but variadic argument 6 has type 'size_t'
C:\Users\green\Documents\CSE222\CSE-222-C\Project2\Project2\main.cpp(22,9): message : consider using '%zu' in the format string
C:\Users\green\Documents\CSE222\CSE-222-C\Project2\Project2\main.cpp(22,9): warning C4477: 'printf' : format string '%lu' requires an argument of type 'unsigned long', but variadic argument 7 has type 'size_t'
C:\Users\green\Documents\CSE222\CSE-222-C\Project2\Project2\main.cpp(22,9): message : consider using '%zu' in the format string
C:\Users\green\Documents\CSE222\CSE-222-C\Project2\Project2\main.cpp(38,9): warning C4477: 'printf' : format string '%d' requires an argument of type 'int', but variadic argument 1 has type 'size_t'
C:\Users\green\Documents\CSE222\CSE-222-C\Project2\Project2\main.cpp(38,9): message : consider using '%zd' in the format string
C:\Users\green\Documents\CSE222\CSE-222-C\Project2\Project2\main.cpp(39,9): warning C4477: 'printf' : format string '%d' requires an argument of type 'int', but variadic argument 1 has type 'size_t'
C:\Users\green\Documents\CSE222\CSE-222-C\Project2\Project2\main.cpp(39,9): message : consider using '%zd' in the format string
  Project2.vcxproj -> C:\Users\green\Documents\CSE222\CSE-222-C\Project2\x64\Debug\Project2.exe
